{"/Users/nickliffen/git/github/nickliffen-me/scripts/new-article.ts": {"path":"/Users/nickliffen/git/github/nickliffen-me/scripts/new-article.ts","statementMap":{"0":{"start":{"line":13,"column":2},"end":{"line":16,"column":null}},"1":{"start":{"line":21,"column":2},"end":{"line":27,"column":null}},"2":{"start":{"line":53,"column":15},"end":{"line":53,"column":null}},"3":{"start":{"line":54,"column":8},"end":{"line":54,"column":null}},"4":{"start":{"line":55,"column":19},"end":{"line":55,"column":null}},"5":{"start":{"line":57,"column":2},"end":{"line":59,"column":null}},"6":{"start":{"line":58,"column":4},"end":{"line":58,"column":null}},"7":{"start":{"line":61,"column":2},"end":{"line":63,"column":null}},"8":{"start":{"line":62,"column":4},"end":{"line":62,"column":null}},"9":{"start":{"line":65,"column":19},"end":{"line":65,"column":null}},"10":{"start":{"line":66,"column":2},"end":{"line":66,"column":null}},"11":{"start":{"line":68,"column":2},"end":{"line":68,"column":null}},"12":{"start":{"line":73,"column":15},"end":{"line":73,"column":null}},"13":{"start":{"line":75,"column":2},"end":{"line":79,"column":null}},"14":{"start":{"line":76,"column":4},"end":{"line":76,"column":null}},"15":{"start":{"line":77,"column":4},"end":{"line":77,"column":null}},"16":{"start":{"line":78,"column":4},"end":{"line":78,"column":null}},"17":{"start":{"line":81,"column":16},"end":{"line":81,"column":null}},"18":{"start":{"line":83,"column":2},"end":{"line":95,"column":null}},"19":{"start":{"line":84,"column":21},"end":{"line":84,"column":null}},"20":{"start":{"line":85,"column":4},"end":{"line":85,"column":null}},"21":{"start":{"line":86,"column":4},"end":{"line":86,"column":null}},"22":{"start":{"line":87,"column":4},"end":{"line":87,"column":null}},"23":{"start":{"line":88,"column":4},"end":{"line":88,"column":null}},"24":{"start":{"line":89,"column":4},"end":{"line":89,"column":null}},"25":{"start":{"line":90,"column":4},"end":{"line":90,"column":null}},"26":{"start":{"line":91,"column":4},"end":{"line":91,"column":null}},"27":{"start":{"line":93,"column":4},"end":{"line":93,"column":null}},"28":{"start":{"line":94,"column":4},"end":{"line":94,"column":null}},"29":{"start":{"line":99,"column":0},"end":{"line":101,"column":null}},"30":{"start":{"line":100,"column":2},"end":{"line":100,"column":null}}},"fnMap":{"0":{"name":"slugify","decl":{"start":{"line":12,"column":16},"end":{"line":12,"column":24}},"loc":{"start":{"line":12,"column":47},"end":{"line":17,"column":null}},"line":12},"1":{"name":"generateTemplate","decl":{"start":{"line":20,"column":16},"end":{"line":20,"column":33}},"loc":{"start":{"line":20,"column":85},"end":{"line":49,"column":null}},"line":20},"2":{"name":"createArticleFile","decl":{"start":{"line":52,"column":16},"end":{"line":52,"column":34}},"loc":{"start":{"line":52,"column":57},"end":{"line":69,"column":null}},"line":52},"3":{"name":"main","decl":{"start":{"line":72,"column":16},"end":{"line":72,"column":29}},"loc":{"start":{"line":72,"column":29},"end":{"line":96,"column":null}},"line":72}},"branchMap":{"0":{"loc":{"start":{"line":57,"column":2},"end":{"line":59,"column":null}},"type":"if","locations":[{"start":{"line":57,"column":2},"end":{"line":59,"column":null}},{"start":{},"end":{}}],"line":57},"1":{"loc":{"start":{"line":61,"column":2},"end":{"line":63,"column":null}},"type":"if","locations":[{"start":{"line":61,"column":2},"end":{"line":63,"column":null}},{"start":{},"end":{}}],"line":61},"2":{"loc":{"start":{"line":75,"column":2},"end":{"line":79,"column":null}},"type":"if","locations":[{"start":{"line":75,"column":2},"end":{"line":79,"column":null}},{"start":{},"end":{}}],"line":75},"3":{"loc":{"start":{"line":99,"column":0},"end":{"line":101,"column":null}},"type":"if","locations":[{"start":{"line":99,"column":0},"end":{"line":101,"column":null}},{"start":{},"end":{}}],"line":99}},"s":{"0":17,"1":14,"2":9,"3":9,"4":9,"5":9,"6":2,"7":7,"8":6,"9":7,"10":7,"11":7,"12":5,"13":5,"14":1,"15":1,"16":1,"17":4,"18":4,"19":4,"20":4,"21":4,"22":4,"23":4,"24":4,"25":4,"26":4,"27":1,"28":1,"29":1,"30":0},"f":{"0":17,"1":14,"2":9,"3":5},"b":{"0":[2,7],"1":[6,1],"2":[1,4],"3":[0,1]},"meta":{"lastBranch":4,"lastFunction":4,"lastStatement":31,"seen":{"f:12:16:12:24":0,"s:13:2:16:Infinity":0,"f:20:16:20:33":1,"s:21:2:27:Infinity":1,"f:52:16:52:34":2,"s:53:15:53:Infinity":2,"s:54:8:54:Infinity":3,"s:55:19:55:Infinity":4,"b:57:2:59:Infinity:undefined:undefined:undefined:undefined":0,"s:57:2:59:Infinity":5,"s:58:4:58:Infinity":6,"b:61:2:63:Infinity:undefined:undefined:undefined:undefined":1,"s:61:2:63:Infinity":7,"s:62:4:62:Infinity":8,"s:65:19:65:Infinity":9,"s:66:2:66:Infinity":10,"s:68:2:68:Infinity":11,"f:72:16:72:29":3,"s:73:15:73:Infinity":12,"b:75:2:79:Infinity:undefined:undefined:undefined:undefined":2,"s:75:2:79:Infinity":13,"s:76:4:76:Infinity":14,"s:77:4:77:Infinity":15,"s:78:4:78:Infinity":16,"s:81:16:81:Infinity":17,"s:83:2:95:Infinity":18,"s:84:21:84:Infinity":19,"s:85:4:85:Infinity":20,"s:86:4:86:Infinity":21,"s:87:4:87:Infinity":22,"s:88:4:88:Infinity":23,"s:89:4:89:Infinity":24,"s:90:4:90:Infinity":25,"s:91:4:91:Infinity":26,"s:93:4:93:Infinity":27,"s:94:4:94:Infinity":28,"b:99:0:101:Infinity:undefined:undefined:undefined:undefined":3,"s:99:0:101:Infinity":29,"s:100:2:100:Infinity":30}}}
,"/Users/nickliffen/git/github/nickliffen-me/scripts/lib/articles.ts": {"path":"/Users/nickliffen/git/github/nickliffen-me/scripts/lib/articles.ts","statementMap":{"0":{"start":{"line":14,"column":0},"end":{"line":17,"column":null}},"1":{"start":{"line":21,"column":16},"end":{"line":21,"column":null}},"2":{"start":{"line":23,"column":19},"end":{"line":37,"column":null}},"3":{"start":{"line":24,"column":16},"end":{"line":24,"column":null}},"4":{"start":{"line":25,"column":32},"end":{"line":25,"column":null}},"5":{"start":{"line":26,"column":24},"end":{"line":26,"column":null}},"6":{"start":{"line":28,"column":4},"end":{"line":36,"column":null}},"7":{"start":{"line":40,"column":2},"end":{"line":42,"column":null}},"8":{"start":{"line":41,"column":17},"end":{"line":41,"column":34}},"9":{"start":{"line":42,"column":20},"end":{"line":42,"column":75}}},"fnMap":{"0":{"name":"getArticles","decl":{"start":{"line":20,"column":22},"end":{"line":20,"column":56}},"loc":{"start":{"line":20,"column":56},"end":{"line":43,"column":null}},"line":20},"1":{"name":"(anonymous_1)","decl":{"start":{"line":23,"column":29},"end":{"line":23,"column":30}},"loc":{"start":{"line":23,"column":48},"end":{"line":37,"column":3}},"line":23},"2":{"name":"(anonymous_2)","decl":{"start":{"line":41,"column":12},"end":{"line":41,"column":17}},"loc":{"start":{"line":41,"column":17},"end":{"line":41,"column":34}},"line":41},"3":{"name":"(anonymous_3)","decl":{"start":{"line":42,"column":10},"end":{"line":42,"column":11}},"loc":{"start":{"line":42,"column":20},"end":{"line":42,"column":75}},"line":42}},"branchMap":{"0":{"loc":{"start":{"line":34,"column":20},"end":{"line":34,"column":null}},"type":"binary-expr","locations":[{"start":{"line":34,"column":20},"end":{"line":34,"column":44}},{"start":{"line":34,"column":44},"end":{"line":34,"column":null}}],"line":34},"1":{"loc":{"start":{"line":41,"column":17},"end":{"line":41,"column":34}},"type":"binary-expr","locations":[{"start":{"line":41,"column":17},"end":{"line":41,"column":26}},{"start":{"line":41,"column":26},"end":{"line":41,"column":34}}],"line":41}},"s":{"0":1,"1":10,"2":10,"3":11,"4":11,"5":11,"6":11,"7":10,"8":11,"9":1},"f":{"0":10,"1":11,"2":11,"3":1},"b":{"0":[11,2],"1":[11,11]},"meta":{"lastBranch":2,"lastFunction":4,"lastStatement":10,"seen":{"s:14:0:17:Infinity":0,"f:20:22:20:56":0,"s:21:16:21:Infinity":1,"s:23:19:37:Infinity":2,"f:23:29:23:30":1,"s:24:16:24:Infinity":3,"s:25:32:25:Infinity":4,"s:26:24:26:Infinity":5,"s:28:4:36:Infinity":6,"b:34:20:34:44:34:44:34:Infinity":0,"s:40:2:42:Infinity":7,"f:41:12:41:17":2,"s:41:17:41:34":8,"b:41:17:41:26:41:26:41:34":1,"f:42:10:42:11":3,"s:42:20:42:75":9}}}
,"/Users/nickliffen/git/github/nickliffen-me/scripts/lib/assets.ts": {"path":"/Users/nickliffen/git/github/nickliffen-me/scripts/lib/assets.ts","statementMap":{"0":{"start":{"line":12,"column":2},"end":{"line":32,"column":null}},"1":{"start":{"line":13,"column":16},"end":{"line":13,"column":null}},"2":{"start":{"line":14,"column":17},"end":{"line":14,"column":null}},"3":{"start":{"line":16,"column":4},"end":{"line":19,"column":null}},"4":{"start":{"line":17,"column":6},"end":{"line":17,"column":null}},"5":{"start":{"line":18,"column":6},"end":{"line":18,"column":null}},"6":{"start":{"line":21,"column":17},"end":{"line":21,"column":null}},"7":{"start":{"line":22,"column":4},"end":{"line":30,"column":null}},"8":{"start":{"line":23,"column":6},"end":{"line":23,"column":null}},"9":{"start":{"line":24,"column":20},"end":{"line":24,"column":null}},"10":{"start":{"line":25,"column":6},"end":{"line":27,"column":null}},"11":{"start":{"line":26,"column":8},"end":{"line":26,"column":null}},"12":{"start":{"line":29,"column":6},"end":{"line":29,"column":null}},"13":{"start":{"line":31,"column":4},"end":{"line":31,"column":null}}},"fnMap":{"0":{"name":"copyAssets","decl":{"start":{"line":11,"column":22},"end":{"line":11,"column":50}},"loc":{"start":{"line":11,"column":50},"end":{"line":33,"column":null}},"line":11}},"branchMap":{"0":{"loc":{"start":{"line":16,"column":4},"end":{"line":19,"column":null}},"type":"if","locations":[{"start":{"line":16,"column":4},"end":{"line":19,"column":null}},{"start":{},"end":{}}],"line":16},"1":{"loc":{"start":{"line":22,"column":4},"end":{"line":30,"column":null}},"type":"if","locations":[{"start":{"line":22,"column":4},"end":{"line":30,"column":null}},{"start":{"line":28,"column":11},"end":{"line":30,"column":null}}],"line":22}},"s":{"0":4,"1":12,"2":12,"3":12,"4":9,"5":9,"6":3,"7":3,"8":1,"9":1,"10":1,"11":2,"12":2,"13":3},"f":{"0":4},"b":{"0":[9,3],"1":[1,2]},"meta":{"lastBranch":2,"lastFunction":1,"lastStatement":14,"seen":{"f:11:22:11:50":0,"s:12:2:32:Infinity":0,"s:13:16:13:Infinity":1,"s:14:17:14:Infinity":2,"b:16:4:19:Infinity:undefined:undefined:undefined:undefined":0,"s:16:4:19:Infinity":3,"s:17:6:17:Infinity":4,"s:18:6:18:Infinity":5,"s:21:17:21:Infinity":6,"b:22:4:30:Infinity:28:11:30:Infinity":1,"s:22:4:30:Infinity":7,"s:23:6:23:Infinity":8,"s:24:20:24:Infinity":9,"s:25:6:27:Infinity":10,"s:26:8:26:Infinity":11,"s:29:6:29:Infinity":12,"s:31:4:31:Infinity":13}}}
,"/Users/nickliffen/git/github/nickliffen-me/scripts/lib/dates.ts": {"path":"/Users/nickliffen/git/github/nickliffen-me/scripts/lib/dates.ts","statementMap":{"0":{"start":{"line":5,"column":15},"end":{"line":8,"column":null}},"1":{"start":{"line":11,"column":2},"end":{"line":11,"column":null}},"2":{"start":{"line":11,"column":27},"end":{"line":11,"column":null}},"3":{"start":{"line":12,"column":2},"end":{"line":17,"column":null}},"4":{"start":{"line":13,"column":12},"end":{"line":13,"column":null}},"5":{"start":{"line":14,"column":12},"end":{"line":14,"column":null}},"6":{"start":{"line":15,"column":12},"end":{"line":15,"column":null}},"7":{"start":{"line":16,"column":13},"end":{"line":16,"column":null}},"8":{"start":{"line":22,"column":15},"end":{"line":22,"column":null}},"9":{"start":{"line":23,"column":14},"end":{"line":23,"column":null}},"10":{"start":{"line":24,"column":16},"end":{"line":24,"column":null}},"11":{"start":{"line":25,"column":15},"end":{"line":25,"column":null}},"12":{"start":{"line":26,"column":2},"end":{"line":26,"column":null}},"13":{"start":{"line":31,"column":15},"end":{"line":31,"column":null}},"14":{"start":{"line":32,"column":2},"end":{"line":32,"column":null}},"15":{"start":{"line":37,"column":15},"end":{"line":37,"column":null}},"16":{"start":{"line":38,"column":2},"end":{"line":38,"column":null}},"17":{"start":{"line":43,"column":2},"end":{"line":43,"column":null}}},"fnMap":{"0":{"name":"getOrdinalSuffix","decl":{"start":{"line":10,"column":9},"end":{"line":10,"column":26}},"loc":{"start":{"line":10,"column":47},"end":{"line":18,"column":null}},"line":10},"1":{"name":"formatDate","decl":{"start":{"line":21,"column":16},"end":{"line":21,"column":27}},"loc":{"start":{"line":21,"column":52},"end":{"line":27,"column":null}},"line":21},"2":{"name":"formatDateISO","decl":{"start":{"line":30,"column":16},"end":{"line":30,"column":30}},"loc":{"start":{"line":30,"column":55},"end":{"line":33,"column":null}},"line":30},"3":{"name":"formatDateRFC822","decl":{"start":{"line":36,"column":16},"end":{"line":36,"column":33}},"loc":{"start":{"line":36,"column":58},"end":{"line":39,"column":null}},"line":36},"4":{"name":"getToday","decl":{"start":{"line":42,"column":16},"end":{"line":42,"column":35}},"loc":{"start":{"line":42,"column":35},"end":{"line":44,"column":null}},"line":42}},"branchMap":{"0":{"loc":{"start":{"line":11,"column":2},"end":{"line":11,"column":null}},"type":"if","locations":[{"start":{"line":11,"column":2},"end":{"line":11,"column":null}},{"start":{},"end":{}}],"line":11},"1":{"loc":{"start":{"line":11,"column":6},"end":{"line":11,"column":27}},"type":"binary-expr","locations":[{"start":{"line":11,"column":6},"end":{"line":11,"column":17}},{"start":{"line":11,"column":17},"end":{"line":11,"column":27}}],"line":11},"2":{"loc":{"start":{"line":12,"column":2},"end":{"line":17,"column":null}},"type":"switch","locations":[{"start":{"line":13,"column":4},"end":{"line":13,"column":null}},{"start":{"line":14,"column":4},"end":{"line":14,"column":null}},{"start":{"line":15,"column":4},"end":{"line":15,"column":null}},{"start":{"line":16,"column":4},"end":{"line":16,"column":null}}],"line":12}},"s":{"0":3,"1":41,"2":30,"3":11,"4":4,"5":2,"6":2,"7":3,"8":41,"9":41,"10":41,"11":41,"12":41,"13":24,"14":24,"15":18,"16":18,"17":2},"f":{"0":41,"1":41,"2":24,"3":18,"4":2},"b":{"0":[30,11],"1":[41,37],"2":[4,2,2,3]},"meta":{"lastBranch":3,"lastFunction":5,"lastStatement":18,"seen":{"s:5:15:8:Infinity":0,"f:10:9:10:26":0,"b:11:2:11:Infinity:undefined:undefined:undefined:undefined":0,"s:11:2:11:Infinity":1,"b:11:6:11:17:11:17:11:27":1,"s:11:27:11:Infinity":2,"b:13:4:13:Infinity:14:4:14:Infinity:15:4:15:Infinity:16:4:16:Infinity":2,"s:12:2:17:Infinity":3,"s:13:12:13:Infinity":4,"s:14:12:14:Infinity":5,"s:15:12:15:Infinity":6,"s:16:13:16:Infinity":7,"f:21:16:21:27":1,"s:22:15:22:Infinity":8,"s:23:14:23:Infinity":9,"s:24:16:24:Infinity":10,"s:25:15:25:Infinity":11,"s:26:2:26:Infinity":12,"f:30:16:30:30":2,"s:31:15:31:Infinity":13,"s:32:2:32:Infinity":14,"f:36:16:36:33":3,"s:37:15:37:Infinity":15,"s:38:2:38:Infinity":16,"f:42:16:42:35":4,"s:43:2:43:Infinity":17}}}
,"/Users/nickliffen/git/github/nickliffen-me/scripts/lib/templates.ts": {"path":"/Users/nickliffen/git/github/nickliffen-me/scripts/lib/templates.ts","statementMap":{"0":{"start":{"line":12,"column":23},"end":{"line":12,"column":null}},"1":{"start":{"line":13,"column":19},"end":{"line":13,"column":null}},"2":{"start":{"line":15,"column":2},"end":{"line":18,"column":null}}},"fnMap":{"0":{"name":"renderTemplate","decl":{"start":{"line":11,"column":16},"end":{"line":11,"column":49}},"loc":{"start":{"line":11,"column":88},"end":{"line":19,"column":null}},"line":11}},"branchMap":{},"s":{"0":8,"1":8,"2":8},"f":{"0":8},"b":{},"meta":{"lastBranch":0,"lastFunction":1,"lastStatement":3,"seen":{"f:11:16:11:49":0,"s:12:23:12:Infinity":0,"s:13:19:13:Infinity":1,"s:15:2:18:Infinity":2}}}
,"/Users/nickliffen/git/github/nickliffen-me/scripts/lib/types.ts": {"path":"/Users/nickliffen/git/github/nickliffen-me/scripts/lib/types.ts","statementMap":{},"fnMap":{},"branchMap":{},"s":{},"f":{},"b":{},"meta":{"lastBranch":0,"lastFunction":0,"lastStatement":0,"seen":{}}}
,"/Users/nickliffen/git/github/nickliffen-me/scripts/lib/generators/feeds.ts": {"path":"/Users/nickliffen/git/github/nickliffen-me/scripts/lib/generators/feeds.ts","statementMap":{"0":{"start":{"line":13,"column":29},"end":{"line":26,"column":null}},"1":{"start":{"line":20,"column":26},"end":{"line":25,"column":6}},"2":{"start":{"line":28,"column":18},"end":{"line":40,"column":null}},"3":{"start":{"line":35,"column":16},"end":{"line":39,"column":null}},"4":{"start":{"line":45,"column":2},"end":{"line":45,"column":null}},"5":{"start":{"line":46,"column":2},"end":{"line":46,"column":null}},"6":{"start":{"line":51,"column":16},"end":{"line":57,"column":null}},"7":{"start":{"line":51,"column":34},"end":{"line":56,"column":null}},"8":{"start":{"line":59,"column":14},"end":{"line":69,"column":null}},"9":{"start":{"line":75,"column":2},"end":{"line":75,"column":null}},"10":{"start":{"line":76,"column":2},"end":{"line":76,"column":null}}},"fnMap":{"0":{"name":"generateSitemap","decl":{"start":{"line":12,"column":22},"end":{"line":12,"column":38}},"loc":{"start":{"line":12,"column":74},"end":{"line":47,"column":null}},"line":12},"1":{"name":"(anonymous_1)","decl":{"start":{"line":20,"column":20},"end":{"line":20,"column":26}},"loc":{"start":{"line":20,"column":26},"end":{"line":25,"column":6}},"line":20},"2":{"name":"(anonymous_2)","decl":{"start":{"line":35,"column":11},"end":{"line":35,"column":16}},"loc":{"start":{"line":35,"column":16},"end":{"line":39,"column":null}},"line":35},"3":{"name":"generateRSS","decl":{"start":{"line":50,"column":22},"end":{"line":50,"column":34}},"loc":{"start":{"line":50,"column":70},"end":{"line":77,"column":null}},"line":50},"4":{"name":"(anonymous_4)","decl":{"start":{"line":51,"column":29},"end":{"line":51,"column":34}},"loc":{"start":{"line":51,"column":34},"end":{"line":56,"column":null}},"line":51}},"branchMap":{},"s":{"0":8,"1":14,"2":8,"3":22,"4":8,"5":8,"6":9,"7":16,"8":9,"9":9,"10":9},"f":{"0":8,"1":14,"2":22,"3":9,"4":16},"b":{},"meta":{"lastBranch":0,"lastFunction":5,"lastStatement":11,"seen":{"f:12:22:12:38":0,"s:13:29:26:Infinity":0,"f:20:20:20:26":1,"s:20:26:25:6":1,"s:28:18:40:Infinity":2,"f:35:11:35:16":2,"s:35:16:39:Infinity":3,"s:45:2:45:Infinity":4,"s:46:2:46:Infinity":5,"f:50:22:50:34":3,"s:51:16:57:Infinity":6,"f:51:29:51:34":4,"s:51:34:56:Infinity":7,"s:59:14:69:Infinity":8,"s:75:2:75:Infinity":9,"s:76:2:76:Infinity":10}}}
,"/Users/nickliffen/git/github/nickliffen-me/scripts/lib/generators/pages.ts": {"path":"/Users/nickliffen/git/github/nickliffen-me/scripts/lib/generators/pages.ts","statementMap":{"0":{"start":{"line":14,"column":2},"end":{"line":14,"column":null}},"1":{"start":{"line":16,"column":2},"end":{"line":21,"column":null}},"2":{"start":{"line":17,"column":10},"end":{"line":17,"column":null}},"3":{"start":{"line":18,"column":23},"end":{"line":18,"column":null}},"4":{"start":{"line":19,"column":4},"end":{"line":19,"column":null}},"5":{"start":{"line":20,"column":4},"end":{"line":20,"column":null}},"6":{"start":{"line":26,"column":26},"end":{"line":26,"column":null}},"7":{"start":{"line":27,"column":22},"end":{"line":30,"column":null}},"8":{"start":{"line":27,"column":41},"end":{"line":30,"column":4}},"9":{"start":{"line":32,"column":8},"end":{"line":32,"column":null}},"10":{"start":{"line":33,"column":2},"end":{"line":33,"column":null}},"11":{"start":{"line":34,"column":2},"end":{"line":34,"column":null}},"12":{"start":{"line":39,"column":2},"end":{"line":39,"column":null}},"13":{"start":{"line":41,"column":28},"end":{"line":41,"column":null}},"14":{"start":{"line":42,"column":21},"end":{"line":42,"column":null}},"15":{"start":{"line":45,"column":22},"end":{"line":48,"column":null}},"16":{"start":{"line":45,"column":41},"end":{"line":48,"column":4}},"17":{"start":{"line":50,"column":2},"end":{"line":68,"column":null}},"18":{"start":{"line":50,"column":18},"end":{"line":50,"column":21}},"19":{"start":{"line":51,"column":23},"end":{"line":51,"column":null}},"20":{"start":{"line":52,"column":18},"end":{"line":52,"column":null}},"21":{"start":{"line":53,"column":28},"end":{"line":53,"column":null}},"22":{"start":{"line":54,"column":24},"end":{"line":54,"column":null}},"23":{"start":{"line":55,"column":23},"end":{"line":55,"column":null}},"24":{"start":{"line":55,"column":49},"end":{"line":55,"column":61}},"25":{"start":{"line":57,"column":10},"end":{"line":63,"column":null}},"26":{"start":{"line":65,"column":23},"end":{"line":65,"column":null}},"27":{"start":{"line":66,"column":4},"end":{"line":66,"column":null}},"28":{"start":{"line":67,"column":4},"end":{"line":67,"column":null}},"29":{"start":{"line":73,"column":8},"end":{"line":73,"column":null}},"30":{"start":{"line":74,"column":2},"end":{"line":74,"column":null}},"31":{"start":{"line":75,"column":2},"end":{"line":75,"column":null}}},"fnMap":{"0":{"name":"generateArticles","decl":{"start":{"line":13,"column":22},"end":{"line":13,"column":39}},"loc":{"start":{"line":13,"column":75},"end":{"line":22,"column":null}},"line":13},"1":{"name":"generateIndex","decl":{"start":{"line":25,"column":22},"end":{"line":25,"column":36}},"loc":{"start":{"line":25,"column":72},"end":{"line":35,"column":null}},"line":25},"2":{"name":"(anonymous_2)","decl":{"start":{"line":27,"column":35},"end":{"line":27,"column":41}},"loc":{"start":{"line":27,"column":41},"end":{"line":30,"column":4}},"line":27},"3":{"name":"generatePagination","decl":{"start":{"line":38,"column":22},"end":{"line":38,"column":41}},"loc":{"start":{"line":38,"column":77},"end":{"line":69,"column":null}},"line":38},"4":{"name":"(anonymous_4)","decl":{"start":{"line":45,"column":35},"end":{"line":45,"column":41}},"loc":{"start":{"line":45,"column":41},"end":{"line":48,"column":4}},"line":45},"5":{"name":"(anonymous_5)","decl":{"start":{"line":55,"column":44},"end":{"line":55,"column":49}},"loc":{"start":{"line":55,"column":49},"end":{"line":55,"column":61}},"line":55},"6":{"name":"generate404","decl":{"start":{"line":72,"column":22},"end":{"line":72,"column":51}},"loc":{"start":{"line":72,"column":51},"end":{"line":76,"column":null}},"line":72}},"branchMap":{},"s":{"0":5,"1":5,"2":7,"3":7,"4":7,"5":7,"6":4,"7":4,"8":14,"9":4,"10":4,"11":4,"12":6,"13":6,"14":6,"15":6,"16":29,"17":6,"18":6,"19":8,"20":8,"21":8,"22":8,"23":8,"24":12,"25":8,"26":8,"27":8,"28":8,"29":3,"30":3,"31":3},"f":{"0":5,"1":4,"2":14,"3":6,"4":29,"5":12,"6":3},"b":{},"meta":{"lastBranch":0,"lastFunction":7,"lastStatement":32,"seen":{"f:13:22:13:39":0,"s:14:2:14:Infinity":0,"s:16:2:21:Infinity":1,"s:17:10:17:Infinity":2,"s:18:23:18:Infinity":3,"s:19:4:19:Infinity":4,"s:20:4:20:Infinity":5,"f:25:22:25:36":1,"s:26:26:26:Infinity":6,"s:27:22:30:Infinity":7,"f:27:35:27:41":2,"s:27:41:30:4":8,"s:32:8:32:Infinity":9,"s:33:2:33:Infinity":10,"s:34:2:34:Infinity":11,"f:38:22:38:41":3,"s:39:2:39:Infinity":12,"s:41:28:41:Infinity":13,"s:42:21:42:Infinity":14,"s:45:22:48:Infinity":15,"f:45:35:45:41":4,"s:45:41:48:4":16,"s:50:2:68:Infinity":17,"s:50:18:50:21":18,"s:51:23:51:Infinity":19,"s:52:18:52:Infinity":20,"s:53:28:53:Infinity":21,"s:54:24:54:Infinity":22,"s:55:23:55:Infinity":23,"f:55:44:55:49":5,"s:55:49:55:61":24,"s:57:10:63:Infinity":25,"s:65:23:65:Infinity":26,"s:66:4:66:Infinity":27,"s:67:4:67:Infinity":28,"f:72:22:72:51":6,"s:73:8:73:Infinity":29,"s:74:2:74:Infinity":30,"s:75:2:75:Infinity":31}}}
,"/Users/nickliffen/git/github/nickliffen-me/scripts/lib/generators/pwa.ts": {"path":"/Users/nickliffen/git/github/nickliffen-me/scripts/lib/generators/pwa.ts","statementMap":{"0":{"start":{"line":12,"column":40},"end":{"line":27,"column":null}},"1":{"start":{"line":14,"column":20},"end":{"line":16,"column":null}},"2":{"start":{"line":18,"column":4},"end":{"line":20,"column":null}},"3":{"start":{"line":19,"column":6},"end":{"line":19,"column":null}},"4":{"start":{"line":22,"column":4},"end":{"line":26,"column":null}},"5":{"start":{"line":29,"column":19},"end":{"line":49,"column":null}},"6":{"start":{"line":51,"column":2},"end":{"line":54,"column":null}},"7":{"start":{"line":55,"column":2},"end":{"line":55,"column":null}},"8":{"start":{"line":60,"column":18},"end":{"line":60,"column":null}},"9":{"start":{"line":63,"column":28},"end":{"line":63,"column":null}},"10":{"start":{"line":64,"column":21},"end":{"line":64,"column":null}},"11":{"start":{"line":65,"column":26},"end":{"line":65,"column":null}},"12":{"start":{"line":65,"column":71},"end":{"line":65,"column":101}},"13":{"start":{"line":67,"column":20},"end":{"line":76,"column":null}},"14":{"start":{"line":74,"column":25},"end":{"line":74,"column":51}},"15":{"start":{"line":78,"column":13},"end":{"line":83,"column":null}},"16":{"start":{"line":83,"column":23},"end":{"line":83,"column":39}},"17":{"start":{"line":138,"column":2},"end":{"line":138,"column":null}},"18":{"start":{"line":139,"column":2},"end":{"line":139,"column":null}}},"fnMap":{"0":{"name":"generateManifest","decl":{"start":{"line":11,"column":22},"end":{"line":11,"column":39}},"loc":{"start":{"line":11,"column":75},"end":{"line":56,"column":null}},"line":11},"1":{"name":"(anonymous_1)","decl":{"start":{"line":12,"column":65},"end":{"line":12,"column":70}},"loc":{"start":{"line":12,"column":70},"end":{"line":27,"column":3}},"line":12},"2":{"name":"generateServiceWorker","decl":{"start":{"line":59,"column":22},"end":{"line":59,"column":44}},"loc":{"start":{"line":59,"column":80},"end":{"line":140,"column":null}},"line":59},"3":{"name":"(anonymous_3)","decl":{"start":{"line":65,"column":61},"end":{"line":65,"column":62}},"loc":{"start":{"line":65,"column":71},"end":{"line":65,"column":101}},"line":65},"4":{"name":"(anonymous_4)","decl":{"start":{"line":74,"column":20},"end":{"line":74,"column":25}},"loc":{"start":{"line":74,"column":25},"end":{"line":74,"column":51}},"line":74},"5":{"name":"(anonymous_5)","decl":{"start":{"line":83,"column":16},"end":{"line":83,"column":23}},"loc":{"start":{"line":83,"column":23},"end":{"line":83,"column":39}},"line":83}},"branchMap":{"0":{"loc":{"start":{"line":18,"column":4},"end":{"line":20,"column":null}},"type":"if","locations":[{"start":{"line":18,"column":4},"end":{"line":20,"column":null}},{"start":{},"end":{}}],"line":18}},"s":{"0":11,"1":24,"2":24,"3":9,"4":24,"5":11,"6":11,"7":11,"8":13,"9":13,"10":13,"11":13,"12":2,"13":13,"14":28,"15":13,"16":108,"17":13,"18":13},"f":{"0":11,"1":24,"2":13,"3":2,"4":28,"5":108},"b":{"0":[9,15]},"meta":{"lastBranch":1,"lastFunction":6,"lastStatement":19,"seen":{"f:11:22:11:39":0,"s:12:40:27:Infinity":0,"f:12:65:12:70":1,"s:14:20:16:Infinity":1,"b:18:4:20:Infinity:undefined:undefined:undefined:undefined":0,"s:18:4:20:Infinity":2,"s:19:6:19:Infinity":3,"s:22:4:26:Infinity":4,"s:29:19:49:Infinity":5,"s:51:2:54:Infinity":6,"s:55:2:55:Infinity":7,"f:59:22:59:44":2,"s:60:18:60:Infinity":8,"s:63:28:63:Infinity":9,"s:64:21:64:Infinity":10,"s:65:26:65:Infinity":11,"f:65:61:65:62":3,"s:65:71:65:101":12,"s:67:20:76:Infinity":13,"f:74:20:74:25":4,"s:74:25:74:51":14,"s:78:13:83:Infinity":15,"f:83:16:83:23":5,"s:83:23:83:39":16,"s:138:2:138:Infinity":17,"s:139:2:139:Infinity":18}}}
}
