TN:
SF:scripts/new-article.ts
FN:12,slugify
FN:20,generateTemplate
FN:52,createArticleFile
FN:72,main
FNF:4
FNH:4
FNDA:17,slugify
FNDA:14,generateTemplate
FNDA:9,createArticleFile
FNDA:5,main
DA:13,17
DA:21,14
DA:53,9
DA:54,9
DA:55,9
DA:57,9
DA:58,2
DA:61,7
DA:62,6
DA:65,7
DA:66,7
DA:68,7
DA:73,5
DA:75,5
DA:76,1
DA:77,1
DA:78,1
DA:81,4
DA:83,4
DA:84,4
DA:85,4
DA:86,4
DA:87,4
DA:88,4
DA:89,4
DA:90,4
DA:91,4
DA:93,1
DA:94,1
DA:99,1
DA:100,0
LF:31
LH:30
BRDA:57,0,0,2
BRDA:57,0,1,7
BRDA:61,1,0,6
BRDA:61,1,1,1
BRDA:75,2,0,1
BRDA:75,2,1,4
BRDA:99,3,0,0
BRDA:99,3,1,1
BRF:8
BRH:7
end_of_record
TN:
SF:scripts/lib/articles.ts
FN:20,getArticles
FN:23,(anonymous_1)
FN:41,(anonymous_2)
FN:42,(anonymous_3)
FNF:4
FNH:4
FNDA:10,getArticles
FNDA:11,(anonymous_1)
FNDA:11,(anonymous_2)
FNDA:1,(anonymous_3)
DA:14,1
DA:21,10
DA:23,10
DA:24,11
DA:25,11
DA:26,11
DA:28,11
DA:40,10
DA:41,11
DA:42,1
LF:10
LH:10
BRDA:34,0,0,11
BRDA:34,0,1,2
BRDA:41,1,0,11
BRDA:41,1,1,11
BRF:4
BRH:4
end_of_record
TN:
SF:scripts/lib/assets.ts
FN:11,copyAssets
FNF:1
FNH:1
FNDA:4,copyAssets
DA:12,4
DA:13,12
DA:14,12
DA:16,12
DA:17,9
DA:18,9
DA:21,3
DA:22,3
DA:23,1
DA:24,1
DA:25,1
DA:26,2
DA:29,2
DA:31,3
LF:14
LH:14
BRDA:16,0,0,9
BRDA:16,0,1,3
BRDA:22,1,0,1
BRDA:22,1,1,2
BRF:4
BRH:4
end_of_record
TN:
SF:scripts/lib/dates.ts
FN:10,getOrdinalSuffix
FN:21,formatDate
FN:30,formatDateISO
FN:36,formatDateRFC822
FN:42,getToday
FNF:5
FNH:5
FNDA:41,getOrdinalSuffix
FNDA:41,formatDate
FNDA:24,formatDateISO
FNDA:18,formatDateRFC822
FNDA:2,getToday
DA:5,3
DA:11,41
DA:12,11
DA:13,4
DA:14,2
DA:15,2
DA:16,3
DA:22,41
DA:23,41
DA:24,41
DA:25,41
DA:26,41
DA:31,24
DA:32,24
DA:37,18
DA:38,18
DA:43,2
LF:17
LH:17
BRDA:11,0,0,30
BRDA:11,0,1,11
BRDA:11,1,0,41
BRDA:11,1,1,37
BRDA:12,2,0,4
BRDA:12,2,1,2
BRDA:12,2,2,2
BRDA:12,2,3,3
BRF:8
BRH:8
end_of_record
TN:
SF:scripts/lib/templates.ts
FN:11,renderTemplate
FNF:1
FNH:1
FNDA:8,renderTemplate
DA:12,8
DA:13,8
DA:15,8
LF:3
LH:3
BRF:0
BRH:0
end_of_record
TN:
SF:scripts/lib/types.ts
FNF:0
FNH:0
LF:0
LH:0
BRF:0
BRH:0
end_of_record
TN:
SF:scripts/lib/generators/feeds.ts
FN:12,generateSitemap
FN:20,(anonymous_1)
FN:35,(anonymous_2)
FN:50,generateRSS
FN:51,(anonymous_4)
FNF:5
FNH:5
FNDA:8,generateSitemap
FNDA:14,(anonymous_1)
FNDA:22,(anonymous_2)
FNDA:9,generateRSS
FNDA:16,(anonymous_4)
DA:13,8
DA:20,14
DA:28,8
DA:35,22
DA:45,8
DA:46,8
DA:51,16
DA:59,9
DA:75,9
DA:76,9
LF:10
LH:10
BRF:0
BRH:0
end_of_record
TN:
SF:scripts/lib/generators/pages.ts
FN:13,generateArticles
FN:25,generateIndex
FN:27,(anonymous_2)
FN:38,generatePagination
FN:45,(anonymous_4)
FN:55,(anonymous_5)
FN:72,generate404
FNF:7
FNH:7
FNDA:5,generateArticles
FNDA:4,generateIndex
FNDA:14,(anonymous_2)
FNDA:6,generatePagination
FNDA:29,(anonymous_4)
FNDA:12,(anonymous_5)
FNDA:3,generate404
DA:14,5
DA:16,5
DA:17,7
DA:18,7
DA:19,7
DA:20,7
DA:26,4
DA:27,14
DA:32,4
DA:33,4
DA:34,4
DA:39,6
DA:41,6
DA:42,6
DA:45,29
DA:50,6
DA:51,8
DA:52,8
DA:53,8
DA:54,8
DA:55,12
DA:57,8
DA:65,8
DA:66,8
DA:67,8
DA:73,3
DA:74,3
DA:75,3
LF:28
LH:28
BRF:0
BRH:0
end_of_record
TN:
SF:scripts/lib/generators/pwa.ts
FN:11,generateManifest
FN:12,(anonymous_1)
FN:59,generateServiceWorker
FN:65,(anonymous_3)
FN:74,(anonymous_4)
FN:83,(anonymous_5)
FNF:6
FNH:6
FNDA:11,generateManifest
FNDA:24,(anonymous_1)
FNDA:13,generateServiceWorker
FNDA:2,(anonymous_3)
FNDA:28,(anonymous_4)
FNDA:108,(anonymous_5)
DA:12,11
DA:14,24
DA:18,24
DA:19,9
DA:22,24
DA:29,11
DA:51,11
DA:55,11
DA:60,13
DA:63,13
DA:64,13
DA:65,13
DA:67,13
DA:74,28
DA:78,13
DA:83,108
DA:138,13
DA:139,13
LF:18
LH:18
BRDA:18,0,0,9
BRDA:18,0,1,15
BRF:2
BRH:2
end_of_record
